{"C:\\Users\\moonj\\Desktop\\hiremate-ai-interview-coach\\backend\\src\\index.js": {"path":"C:\\Users\\moonj\\Desktop\\hiremate-ai-interview-coach\\backend\\src\\index.js","statementMap":{"0":{"start":{"line":1,"column":16},"end":{"line":1,"column":34}},"1":{"start":{"line":2,"column":13},"end":{"line":2,"column":28}},"2":{"start":{"line":3,"column":15},"end":{"line":3,"column":32}},"3":{"start":{"line":5,"column":0},"end":{"line":5,"column":16}},"4":{"start":{"line":7,"column":12},"end":{"line":7,"column":21}},"5":{"start":{"line":10,"column":0},"end":{"line":10,"column":16}},"6":{"start":{"line":11,"column":0},"end":{"line":11,"column":24}},"7":{"start":{"line":14,"column":19},"end":{"line":14,"column":43}},"8":{"start":{"line":15,"column":0},"end":{"line":15,"column":33}},"9":{"start":{"line":17,"column":0},"end":{"line":26,"column":1}},"10":{"start":{"line":18,"column":26},"end":{"line":18,"column":55}},"11":{"start":{"line":19,"column":2},"end":{"line":19,"column":45}},"12":{"start":{"line":21,"column":25},"end":{"line":21,"column":53}},"13":{"start":{"line":22,"column":2},"end":{"line":22,"column":43}},"14":{"start":{"line":24,"column":24},"end":{"line":24,"column":51}},"15":{"start":{"line":25,"column":2},"end":{"line":25,"column":41}},"16":{"start":{"line":29,"column":0},"end":{"line":31,"column":3}},"17":{"start":{"line":30,"column":2},"end":{"line":30,"column":52}},"18":{"start":{"line":34,"column":13},"end":{"line":34,"column":37}},"19":{"start":{"line":36,"column":0},"end":{"line":40,"column":1}},"20":{"start":{"line":37,"column":2},"end":{"line":39,"column":5}},"21":{"start":{"line":38,"column":4},"end":{"line":38,"column":53}},"22":{"start":{"line":42,"column":0},"end":{"line":42,"column":21}}},"fnMap":{"0":{"name":"(anonymous_0)","decl":{"start":{"line":29,"column":23},"end":{"line":29,"column":24}},"loc":{"start":{"line":29,"column":37},"end":{"line":31,"column":1}},"line":29},"1":{"name":"(anonymous_1)","decl":{"start":{"line":37,"column":19},"end":{"line":37,"column":20}},"loc":{"start":{"line":37,"column":25},"end":{"line":39,"column":3}},"line":37}},"branchMap":{"0":{"loc":{"start":{"line":17,"column":0},"end":{"line":26,"column":1}},"type":"if","locations":[{"start":{"line":17,"column":0},"end":{"line":26,"column":1}},{"start":{},"end":{}}],"line":17},"1":{"loc":{"start":{"line":34,"column":13},"end":{"line":34,"column":37}},"type":"binary-expr","locations":[{"start":{"line":34,"column":13},"end":{"line":34,"column":29}},{"start":{"line":34,"column":33},"end":{"line":34,"column":37}}],"line":34},"2":{"loc":{"start":{"line":36,"column":0},"end":{"line":40,"column":1}},"type":"if","locations":[{"start":{"line":36,"column":0},"end":{"line":40,"column":1}},{"start":{},"end":{}}],"line":36}},"s":{"0":1,"1":1,"2":1,"3":1,"4":1,"5":1,"6":1,"7":1,"8":1,"9":1,"10":0,"11":0,"12":0,"13":0,"14":0,"15":0,"16":1,"17":0,"18":1,"19":1,"20":0,"21":0,"22":1},"f":{"0":0,"1":0},"b":{"0":[0,1],"1":[1,0],"2":[0,1]},"_coverageSchema":"1a1c01bbd47fc00a2c39e90264f33305004495a9","hash":"c64671db8a64633a6d1ee7ed20d8faaad46ef77d"}
,"C:\\Users\\moonj\\Desktop\\hiremate-ai-interview-coach\\backend\\src\\controllers\\authController.js": {"path":"C:\\Users\\moonj\\Desktop\\hiremate-ai-interview-coach\\backend\\src\\controllers\\authController.js","statementMap":{"0":{"start":{"line":1,"column":15},"end":{"line":1,"column":34}},"1":{"start":{"line":2,"column":12},"end":{"line":2,"column":35}},"2":{"start":{"line":3,"column":15},"end":{"line":3,"column":32}},"3":{"start":{"line":4,"column":19},"end":{"line":4,"column":40}},"4":{"start":{"line":5,"column":29},"end":{"line":5,"column":57}},"5":{"start":{"line":8,"column":14},"end":{"line":8,"column":16}},"6":{"start":{"line":9,"column":22},"end":{"line":9,"column":31}},"7":{"start":{"line":10,"column":20},"end":{"line":10,"column":29}},"8":{"start":{"line":12,"column":20},"end":{"line":20,"column":2}},"9":{"start":{"line":22,"column":28},"end":{"line":23,"column":65}},"10":{"start":{"line":23,"column":2},"end":{"line":23,"column":65}},"11":{"start":{"line":25,"column":29},"end":{"line":26,"column":74}},"12":{"start":{"line":26,"column":2},"end":{"line":26,"column":74}},"13":{"start":{"line":29,"column":17},"end":{"line":61,"column":1}},"14":{"start":{"line":30,"column":17},"end":{"line":30,"column":38}},"15":{"start":{"line":31,"column":2},"end":{"line":33,"column":3}},"16":{"start":{"line":32,"column":4},"end":{"line":32,"column":60}},"17":{"start":{"line":35,"column":2},"end":{"line":60,"column":3}},"18":{"start":{"line":36,"column":38},"end":{"line":36,"column":46}},"19":{"start":{"line":38,"column":25},"end":{"line":38,"column":59}},"20":{"start":{"line":38,"column":41},"end":{"line":38,"column":58}},"21":{"start":{"line":39,"column":4},"end":{"line":41,"column":5}},"22":{"start":{"line":40,"column":6},"end":{"line":40,"column":70}},"23":{"start":{"line":43,"column":27},"end":{"line":43,"column":58}},"24":{"start":{"line":45,"column":20},"end":{"line":45,"column":83}},"25":{"start":{"line":46,"column":4},"end":{"line":46,"column":24}},"26":{"start":{"line":48,"column":20},"end":{"line":48,"column":45}},"27":{"start":{"line":49,"column":24},"end":{"line":49,"column":52}},"28":{"start":{"line":50,"column":25},"end":{"line":50,"column":54}},"29":{"start":{"line":51,"column":4},"end":{"line":51,"column":36}},"30":{"start":{"line":53,"column":4},"end":{"line":57,"column":7}},"31":{"start":{"line":59,"column":4},"end":{"line":59,"column":84}},"32":{"start":{"line":64,"column":14},"end":{"line":91,"column":1}},"33":{"start":{"line":65,"column":2},"end":{"line":90,"column":3}},"34":{"start":{"line":66,"column":32},"end":{"line":66,"column":40}},"35":{"start":{"line":68,"column":17},"end":{"line":68,"column":51}},"36":{"start":{"line":68,"column":33},"end":{"line":68,"column":50}},"37":{"start":{"line":69,"column":4},"end":{"line":71,"column":5}},"38":{"start":{"line":70,"column":6},"end":{"line":70,"column":65}},"39":{"start":{"line":73,"column":30},"end":{"line":73,"column":75}},"40":{"start":{"line":74,"column":4},"end":{"line":76,"column":5}},"41":{"start":{"line":75,"column":6},"end":{"line":75,"column":67}},"42":{"start":{"line":78,"column":20},"end":{"line":78,"column":42}},"43":{"start":{"line":79,"column":24},"end":{"line":79,"column":52}},"44":{"start":{"line":80,"column":25},"end":{"line":80,"column":54}},"45":{"start":{"line":81,"column":4},"end":{"line":81,"column":36}},"46":{"start":{"line":83,"column":4},"end":{"line":87,"column":7}},"47":{"start":{"line":89,"column":4},"end":{"line":89,"column":84}},"48":{"start":{"line":94,"column":23},"end":{"line":134,"column":1}},"49":{"start":{"line":95,"column":2},"end":{"line":133,"column":3}},"50":{"start":{"line":96,"column":22},"end":{"line":96,"column":30}},"51":{"start":{"line":98,"column":4},"end":{"line":100,"column":5}},"52":{"start":{"line":99,"column":6},"end":{"line":99,"column":68}},"53":{"start":{"line":102,"column":17},"end":{"line":102,"column":51}},"54":{"start":{"line":102,"column":33},"end":{"line":102,"column":50}},"55":{"start":{"line":103,"column":4},"end":{"line":106,"column":5}},"56":{"start":{"line":105,"column":6},"end":{"line":105,"column":100}},"57":{"start":{"line":108,"column":18},"end":{"line":108,"column":56}},"58":{"start":{"line":109,"column":22},"end":{"line":109,"column":49}},"59":{"start":{"line":110,"column":4},"end":{"line":110,"column":49}},"60":{"start":{"line":112,"column":22},"end":{"line":112,"column":79}},"61":{"start":{"line":114,"column":4},"end":{"line":128,"column":5}},"62":{"start":{"line":115,"column":6},"end":{"line":125,"column":9}},"63":{"start":{"line":127,"column":6},"end":{"line":127,"column":65}},"64":{"start":{"line":130,"column":4},"end":{"line":130,"column":91}},"65":{"start":{"line":132,"column":4},"end":{"line":132,"column":84}},"66":{"start":{"line":137,"column":22},"end":{"line":173,"column":1}},"67":{"start":{"line":138,"column":2},"end":{"line":172,"column":3}},"68":{"start":{"line":139,"column":32},"end":{"line":139,"column":40}},"69":{"start":{"line":141,"column":4},"end":{"line":143,"column":5}},"70":{"start":{"line":142,"column":6},"end":{"line":142,"column":86}},"71":{"start":{"line":145,"column":19},"end":{"line":145,"column":41}},"72":{"start":{"line":146,"column":4},"end":{"line":148,"column":5}},"73":{"start":{"line":147,"column":6},"end":{"line":147,"column":86}},"74":{"start":{"line":150,"column":4},"end":{"line":153,"column":5}},"75":{"start":{"line":151,"column":6},"end":{"line":151,"column":32}},"76":{"start":{"line":152,"column":6},"end":{"line":152,"column":74}},"77":{"start":{"line":155,"column":4},"end":{"line":159,"column":5}},"78":{"start":{"line":156,"column":6},"end":{"line":158,"column":9}},"79":{"start":{"line":161,"column":17},"end":{"line":161,"column":58}},"80":{"start":{"line":161,"column":33},"end":{"line":161,"column":57}},"81":{"start":{"line":162,"column":4},"end":{"line":164,"column":5}},"82":{"start":{"line":163,"column":6},"end":{"line":163,"column":65}},"83":{"start":{"line":166,"column":4},"end":{"line":166,"column":52}},"84":{"start":{"line":167,"column":4},"end":{"line":167,"column":30}},"85":{"start":{"line":169,"column":4},"end":{"line":169,"column":85}},"86":{"start":{"line":171,"column":4},"end":{"line":171,"column":84}},"87":{"start":{"line":176,"column":15},"end":{"line":189,"column":1}},"88":{"start":{"line":177,"column":27},"end":{"line":177,"column":35}},"89":{"start":{"line":179,"column":2},"end":{"line":181,"column":3}},"90":{"start":{"line":180,"column":4},"end":{"line":180,"column":74}},"91":{"start":{"line":183,"column":2},"end":{"line":185,"column":3}},"92":{"start":{"line":184,"column":4},"end":{"line":184,"column":70}},"93":{"start":{"line":187,"column":2},"end":{"line":187,"column":37}},"94":{"start":{"line":188,"column":2},"end":{"line":188,"column":63}},"95":{"start":{"line":191,"column":0},"end":{"line":191,"column":104}}},"fnMap":{"0":{"name":"(anonymous_0)","decl":{"start":{"line":22,"column":28},"end":{"line":22,"column":29}},"loc":{"start":{"line":23,"column":2},"end":{"line":23,"column":65}},"line":23},"1":{"name":"(anonymous_1)","decl":{"start":{"line":25,"column":29},"end":{"line":25,"column":30}},"loc":{"start":{"line":26,"column":2},"end":{"line":26,"column":74}},"line":26},"2":{"name":"(anonymous_2)","decl":{"start":{"line":29,"column":17},"end":{"line":29,"column":18}},"loc":{"start":{"line":29,"column":37},"end":{"line":61,"column":1}},"line":29},"3":{"name":"(anonymous_3)","decl":{"start":{"line":38,"column":36},"end":{"line":38,"column":37}},"loc":{"start":{"line":38,"column":41},"end":{"line":38,"column":58}},"line":38},"4":{"name":"(anonymous_4)","decl":{"start":{"line":64,"column":14},"end":{"line":64,"column":15}},"loc":{"start":{"line":64,"column":34},"end":{"line":91,"column":1}},"line":64},"5":{"name":"(anonymous_5)","decl":{"start":{"line":68,"column":28},"end":{"line":68,"column":29}},"loc":{"start":{"line":68,"column":33},"end":{"line":68,"column":50}},"line":68},"6":{"name":"(anonymous_6)","decl":{"start":{"line":94,"column":23},"end":{"line":94,"column":24}},"loc":{"start":{"line":94,"column":43},"end":{"line":134,"column":1}},"line":94},"7":{"name":"(anonymous_7)","decl":{"start":{"line":102,"column":28},"end":{"line":102,"column":29}},"loc":{"start":{"line":102,"column":33},"end":{"line":102,"column":50}},"line":102},"8":{"name":"(anonymous_8)","decl":{"start":{"line":137,"column":22},"end":{"line":137,"column":23}},"loc":{"start":{"line":137,"column":42},"end":{"line":173,"column":1}},"line":137},"9":{"name":"(anonymous_9)","decl":{"start":{"line":161,"column":28},"end":{"line":161,"column":29}},"loc":{"start":{"line":161,"column":33},"end":{"line":161,"column":57}},"line":161},"10":{"name":"(anonymous_10)","decl":{"start":{"line":176,"column":15},"end":{"line":176,"column":16}},"loc":{"start":{"line":176,"column":29},"end":{"line":189,"column":1}},"line":176}},"branchMap":{"0":{"loc":{"start":{"line":14,"column":8},"end":{"line":14,"column":44}},"type":"binary-expr","locations":[{"start":{"line":14,"column":8},"end":{"line":14,"column":37}},{"start":{"line":14,"column":41},"end":{"line":14,"column":44}}],"line":14},"1":{"loc":{"start":{"line":31,"column":2},"end":{"line":33,"column":3}},"type":"if","locations":[{"start":{"line":31,"column":2},"end":{"line":33,"column":3}},{"start":{},"end":{}}],"line":31},"2":{"loc":{"start":{"line":39,"column":4},"end":{"line":41,"column":5}},"type":"if","locations":[{"start":{"line":39,"column":4},"end":{"line":41,"column":5}},{"start":{},"end":{}}],"line":39},"3":{"loc":{"start":{"line":69,"column":4},"end":{"line":71,"column":5}},"type":"if","locations":[{"start":{"line":69,"column":4},"end":{"line":71,"column":5}},{"start":{},"end":{}}],"line":69},"4":{"loc":{"start":{"line":74,"column":4},"end":{"line":76,"column":5}},"type":"if","locations":[{"start":{"line":74,"column":4},"end":{"line":76,"column":5}},{"start":{},"end":{}}],"line":74},"5":{"loc":{"start":{"line":98,"column":4},"end":{"line":100,"column":5}},"type":"if","locations":[{"start":{"line":98,"column":4},"end":{"line":100,"column":5}},{"start":{},"end":{}}],"line":98},"6":{"loc":{"start":{"line":103,"column":4},"end":{"line":106,"column":5}},"type":"if","locations":[{"start":{"line":103,"column":4},"end":{"line":106,"column":5}},{"start":{},"end":{}}],"line":103},"7":{"loc":{"start":{"line":141,"column":4},"end":{"line":143,"column":5}},"type":"if","locations":[{"start":{"line":141,"column":4},"end":{"line":143,"column":5}},{"start":{},"end":{}}],"line":141},"8":{"loc":{"start":{"line":141,"column":8},"end":{"line":141,"column":27}},"type":"binary-expr","locations":[{"start":{"line":141,"column":8},"end":{"line":141,"column":14}},{"start":{"line":141,"column":18},"end":{"line":141,"column":27}}],"line":141},"9":{"loc":{"start":{"line":146,"column":4},"end":{"line":148,"column":5}},"type":"if","locations":[{"start":{"line":146,"column":4},"end":{"line":148,"column":5}},{"start":{},"end":{}}],"line":146},"10":{"loc":{"start":{"line":150,"column":4},"end":{"line":153,"column":5}},"type":"if","locations":[{"start":{"line":150,"column":4},"end":{"line":153,"column":5}},{"start":{},"end":{}}],"line":150},"11":{"loc":{"start":{"line":155,"column":4},"end":{"line":159,"column":5}},"type":"if","locations":[{"start":{"line":155,"column":4},"end":{"line":159,"column":5}},{"start":{},"end":{}}],"line":155},"12":{"loc":{"start":{"line":155,"column":8},"end":{"line":155,"column":81}},"type":"binary-expr","locations":[{"start":{"line":155,"column":8},"end":{"line":155,"column":27}},{"start":{"line":155,"column":31},"end":{"line":155,"column":54}},{"start":{"line":155,"column":58},"end":{"line":155,"column":81}}],"line":155},"13":{"loc":{"start":{"line":162,"column":4},"end":{"line":164,"column":5}},"type":"if","locations":[{"start":{"line":162,"column":4},"end":{"line":164,"column":5}},{"start":{},"end":{}}],"line":162},"14":{"loc":{"start":{"line":179,"column":2},"end":{"line":181,"column":3}},"type":"if","locations":[{"start":{"line":179,"column":2},"end":{"line":181,"column":3}},{"start":{},"end":{}}],"line":179},"15":{"loc":{"start":{"line":183,"column":2},"end":{"line":185,"column":3}},"type":"if","locations":[{"start":{"line":183,"column":2},"end":{"line":185,"column":3}},{"start":{},"end":{}}],"line":183}},"s":{"0":1,"1":1,"2":1,"3":1,"4":1,"5":1,"6":1,"7":1,"8":1,"9":1,"10":8,"11":1,"12":8,"13":1,"14":8,"15":8,"16":1,"17":7,"18":7,"19":7,"20":17,"21":7,"22":1,"23":6,"24":6,"25":6,"26":6,"27":6,"28":6,"29":6,"30":6,"31":0,"32":1,"33":4,"34":4,"35":4,"36":18,"37":4,"38":1,"39":3,"40":3,"41":1,"42":2,"43":2,"44":2,"45":2,"46":2,"47":0,"48":1,"49":2,"50":2,"51":2,"52":1,"53":1,"54":6,"55":1,"56":0,"57":1,"58":1,"59":1,"60":1,"61":1,"62":1,"63":1,"64":1,"65":0,"66":1,"67":2,"68":2,"69":2,"70":1,"71":1,"72":1,"73":1,"74":0,"75":0,"76":0,"77":0,"78":0,"79":0,"80":0,"81":0,"82":0,"83":0,"84":0,"85":0,"86":0,"87":1,"88":2,"89":2,"90":0,"91":2,"92":1,"93":1,"94":1,"95":1},"f":{"0":8,"1":8,"2":8,"3":17,"4":4,"5":18,"6":2,"7":6,"8":2,"9":0,"10":2},"b":{"0":[1,1],"1":[1,7],"2":[1,6],"3":[1,3],"4":[1,2],"5":[1,1],"6":[0,1],"7":[1,1],"8":[2,1],"9":[1,0],"10":[0,0],"11":[0,0],"12":[0,0,0],"13":[0,0],"14":[0,2],"15":[1,1]},"_coverageSchema":"1a1c01bbd47fc00a2c39e90264f33305004495a9","hash":"3a3f904be7232bb3b69fd80c6dc850d566e72bb1"}
,"C:\\Users\\moonj\\Desktop\\hiremate-ai-interview-coach\\backend\\src\\routes\\auth.js": {"path":"C:\\Users\\moonj\\Desktop\\hiremate-ai-interview-coach\\backend\\src\\routes\\auth.js","statementMap":{"0":{"start":{"line":1,"column":16},"end":{"line":1,"column":34}},"1":{"start":{"line":2,"column":15},"end":{"line":2,"column":31}},"2":{"start":{"line":3,"column":12},"end":{"line":3,"column":35}},"3":{"start":{"line":4,"column":17},"end":{"line":4,"column":45}},"4":{"start":{"line":5,"column":82},"end":{"line":5,"column":122}},"5":{"start":{"line":7,"column":27},"end":{"line":19,"column":1}},"6":{"start":{"line":22,"column":0},"end":{"line":40,"column":3}},"7":{"start":{"line":23,"column":27},"end":{"line":23,"column":35}},"8":{"start":{"line":25,"column":2},"end":{"line":27,"column":3}},"9":{"start":{"line":26,"column":4},"end":{"line":26,"column":81}},"10":{"start":{"line":29,"column":2},"end":{"line":39,"column":3}},"11":{"start":{"line":30,"column":20},"end":{"line":30,"column":78}},"12":{"start":{"line":31,"column":24},"end":{"line":35,"column":5}},"13":{"start":{"line":36,"column":4},"end":{"line":36,"column":42}},"14":{"start":{"line":38,"column":4},"end":{"line":38,"column":74}},"15":{"start":{"line":42,"column":0},"end":{"line":42,"column":55}},"16":{"start":{"line":43,"column":0},"end":{"line":43,"column":29}},"17":{"start":{"line":44,"column":0},"end":{"line":44,"column":31}},"18":{"start":{"line":45,"column":0},"end":{"line":45,"column":48}},"19":{"start":{"line":46,"column":0},"end":{"line":46,"column":46}},"20":{"start":{"line":48,"column":0},"end":{"line":48,"column":24}}},"fnMap":{"0":{"name":"(anonymous_0)","decl":{"start":{"line":22,"column":24},"end":{"line":22,"column":25}},"loc":{"start":{"line":22,"column":38},"end":{"line":40,"column":1}},"line":22}},"branchMap":{"0":{"loc":{"start":{"line":25,"column":2},"end":{"line":27,"column":3}},"type":"if","locations":[{"start":{"line":25,"column":2},"end":{"line":27,"column":3}},{"start":{},"end":{}}],"line":25},"1":{"loc":{"start":{"line":25,"column":6},"end":{"line":25,"column":55}},"type":"binary-expr","locations":[{"start":{"line":25,"column":6},"end":{"line":25,"column":19}},{"start":{"line":25,"column":23},"end":{"line":25,"column":55}}],"line":25}},"s":{"0":1,"1":1,"2":1,"3":1,"4":1,"5":1,"6":1,"7":0,"8":0,"9":0,"10":0,"11":0,"12":0,"13":0,"14":0,"15":1,"16":1,"17":1,"18":1,"19":1,"20":1},"f":{"0":0},"b":{"0":[0,0],"1":[0,0]},"_coverageSchema":"1a1c01bbd47fc00a2c39e90264f33305004495a9","hash":"ae9653848df99e9b3e68713fe972c85b2287ec76"}
}
