TN:
SF:src\controllers\authController.js
FN:22,(anonymous_0)
FN:25,(anonymous_1)
FN:29,(anonymous_2)
FN:38,(anonymous_3)
FN:64,(anonymous_4)
FN:68,(anonymous_5)
FN:94,(anonymous_6)
FN:102,(anonymous_7)
FN:137,(anonymous_8)
FN:161,(anonymous_9)
FN:176,(anonymous_10)
FNF:11
FNH:10
FNDA:8,(anonymous_0)
FNDA:8,(anonymous_1)
FNDA:8,(anonymous_2)
FNDA:17,(anonymous_3)
FNDA:4,(anonymous_4)
FNDA:18,(anonymous_5)
FNDA:2,(anonymous_6)
FNDA:6,(anonymous_7)
FNDA:2,(anonymous_8)
FNDA:0,(anonymous_9)
FNDA:2,(anonymous_10)
DA:1,1
DA:2,1
DA:3,1
DA:4,1
DA:5,1
DA:8,1
DA:9,1
DA:10,1
DA:12,1
DA:22,1
DA:23,8
DA:25,1
DA:26,8
DA:29,1
DA:30,8
DA:31,8
DA:32,1
DA:35,7
DA:36,7
DA:38,17
DA:39,7
DA:40,1
DA:43,6
DA:45,6
DA:46,6
DA:48,6
DA:49,6
DA:50,6
DA:51,6
DA:53,6
DA:59,0
DA:64,1
DA:65,4
DA:66,4
DA:68,18
DA:69,4
DA:70,1
DA:73,3
DA:74,3
DA:75,1
DA:78,2
DA:79,2
DA:80,2
DA:81,2
DA:83,2
DA:89,0
DA:94,1
DA:95,2
DA:96,2
DA:98,2
DA:99,1
DA:102,6
DA:103,1
DA:105,0
DA:108,1
DA:109,1
DA:110,1
DA:112,1
DA:114,1
DA:115,1
DA:127,1
DA:130,1
DA:132,0
DA:137,1
DA:138,2
DA:139,2
DA:141,2
DA:142,1
DA:145,1
DA:146,1
DA:147,1
DA:150,0
DA:151,0
DA:152,0
DA:155,0
DA:156,0
DA:161,0
DA:162,0
DA:163,0
DA:166,0
DA:167,0
DA:169,0
DA:171,0
DA:176,1
DA:177,2
DA:179,2
DA:180,0
DA:183,2
DA:184,1
DA:187,1
DA:188,1
DA:191,1
LF:92
LH:75
BRDA:14,0,0,1
BRDA:14,0,1,1
BRDA:31,1,0,1
BRDA:31,1,1,7
BRDA:39,2,0,1
BRDA:39,2,1,6
BRDA:69,3,0,1
BRDA:69,3,1,3
BRDA:74,4,0,1
BRDA:74,4,1,2
BRDA:98,5,0,1
BRDA:98,5,1,1
BRDA:103,6,0,0
BRDA:103,6,1,1
BRDA:141,7,0,1
BRDA:141,7,1,1
BRDA:141,8,0,2
BRDA:141,8,1,1
BRDA:146,9,0,1
BRDA:146,9,1,0
BRDA:150,10,0,0
BRDA:150,10,1,0
BRDA:155,11,0,0
BRDA:155,11,1,0
BRDA:155,12,0,0
BRDA:155,12,1,0
BRDA:155,12,2,0
BRDA:162,13,0,0
BRDA:162,13,1,0
BRDA:179,14,0,0
BRDA:179,14,1,2
BRDA:183,15,0,1
BRDA:183,15,1,1
BRF:33
BRH:21
end_of_record
